<?xml version="1.0" encoding="UTF-8"?>
<testsuite xmlns:xsi="http://www.w3.org/2001/XMLSchema-instance" xsi:noNamespaceSchemaLocation="https://maven.apache.org/surefire/maven-surefire-plugin/xsd/surefire-test-report-3.0.xsd" version="3.0" name="com.hkust.service.UserServiceTest" time="0.025" tests="1" errors="0" skipped="0" failures="0">
  <properties>
[...]
</properties>
  <testcase name="getAllUsers" classname="com.hkust.service.UserServiceTest" time="0.011">
    <system-out><![CDATA[2024-08-25 00:14:18.977  INFO 1623 --- [           main] .b.t.c.SpringBootTestContextBootstrapper : Neither @ContextConfiguration nor @ContextHierarchy found for test class [com.hkust.service.UserServiceTest], using SpringBootContextLoader
2024-08-25 00:14:18.977  INFO 1623 --- [           main] o.s.t.c.support.AbstractContextLoader    : Could not detect default resource locations for test class [com.hkust.service.UserServiceTest]: no resource found for suffixes {-context.xml, Context.groovy}.
2024-08-25 00:14:18.977  INFO 1623 --- [           main] t.c.s.AnnotationConfigContextLoaderUtils : Could not detect default configuration classes for test class [com.hkust.service.UserServiceTest]: UserServiceTest does not declare any static, non-private, non-final, nested classes annotated with @Configuration.
2024-08-25 00:14:18.983  INFO 1623 --- [           main] .b.t.c.SpringBootTestContextBootstrapper : Found @SpringBootConfiguration com.hkust.HkustScApplication for test class com.hkust.service.UserServiceTest
2024-08-25 00:14:18.985  INFO 1623 --- [           main] .b.t.c.SpringBootTestContextBootstrapper : Loaded default TestExecutionListener class names from location [META-INF/spring.factories]: [org.springframework.boot.test.mock.mockito.MockitoTestExecutionListener, org.springframework.boot.test.mock.mockito.ResetMocksTestExecutionListener, org.springframework.boot.test.autoconfigure.restdocs.RestDocsTestExecutionListener, org.springframework.boot.test.autoconfigure.web.client.MockRestServiceServerResetTestExecutionListener, org.springframework.boot.test.autoconfigure.web.servlet.MockMvcPrintOnlyOnFailureTestExecutionListener, org.springframework.boot.test.autoconfigure.web.servlet.WebDriverTestExecutionListener, org.springframework.boot.test.autoconfigure.webservices.client.MockWebServiceServerTestExecutionListener, org.springframework.test.context.web.ServletTestExecutionListener, org.springframework.test.context.support.DirtiesContextBeforeModesTestExecutionListener, org.springframework.test.context.event.ApplicationEventsTestExecutionListener, org.springframework.test.context.support.DependencyInjectionTestExecutionListener, org.springframework.test.context.support.DirtiesContextTestExecutionListener, org.springframework.test.context.transaction.TransactionalTestExecutionListener, org.springframework.test.context.jdbc.SqlScriptsTestExecutionListener, org.springframework.test.context.event.EventPublishingTestExecutionListener]
2024-08-25 00:14:18.985  INFO 1623 --- [           main] .b.t.c.SpringBootTestContextBootstrapper : Using TestExecutionListeners: [org.springframework.test.context.web.ServletTestExecutionListener@587f4f63, org.springframework.test.context.support.DirtiesContextBeforeModesTestExecutionListener@660b1a9d, org.springframework.test.context.event.ApplicationEventsTestExecutionListener@6fb0261e, org.springframework.boot.test.mock.mockito.MockitoTestExecutionListener@d6b532f, org.springframework.boot.test.autoconfigure.SpringBootDependencyInjectionTestExecutionListener@2f4d01b6, org.springframework.test.context.support.DirtiesContextTestExecutionListener@112c2930, org.springframework.test.context.transaction.TransactionalTestExecutionListener@7f426ddd, org.springframework.test.context.jdbc.SqlScriptsTestExecutionListener@28e7bb31, org.springframework.test.context.event.EventPublishingTestExecutionListener@6fe04f2a, org.springframework.boot.test.mock.mockito.ResetMocksTestExecutionListener@1f758e4f, org.springframework.boot.test.autoconfigure.restdocs.RestDocsTestExecutionListener@733534f9, org.springframework.boot.test.autoconfigure.web.client.MockRestServiceServerResetTestExecutionListener@661e279d, org.springframework.boot.test.autoconfigure.web.servlet.MockMvcPrintOnlyOnFailureTestExecutionListener@beabd6b, org.springframework.boot.test.autoconfigure.web.servlet.WebDriverTestExecutionListener@38de5daf, org.springframework.boot.test.autoconfigure.webservices.client.MockWebServiceServerTestExecutionListener@621624b1]
Creating a new SqlSession
SqlSession [org.apache.ibatis.session.defaults.DefaultSqlSession@61853c7e] was not registered for synchronization because synchronization is not active
JDBC Connection [com.mysql.cj.jdbc.ConnectionImpl@e0d1dc4] will not be managed by Spring
==>  Preparing: SELECT * FROM hkust_user
==> Parameters: 
<==    Columns: user_id, student_id, user_name, real_name, password, dept, position, gender, email, address, office_location, phone, fixed_tel, stat, enabled, version, add_ch, create_time, update_time, remark
<==        Row: bf381ae585c34fbfae5187e5b8ffabb4, Ceishi610002, 张谋, 测试6100002, $2a$10$woAtMHDIgR9eOAsw9Y8gyejgAixf/p9zkMlDe2hC9Xesqww1iadzO, null, null, M, hdlg@hotmail.com, 上海市闵行区梅陇, 华东理工大学 化工楼303, 13501630535, 021-33557799, null, 1, 2, MC, 2024-07-30 11:13:46, null, null
<==        Row: 1cbed8f1624743a78b224c3392f9800a, ST001, root, 超级用户, $2a$10$18BL6Vq4WccLYe2.Z8KSXOks/uI80nT1Dj83gTdeR1EZt04hAo.SW, null, null, F, null, null, , 13522223333, null, null, 1, 15, MC, null, null, null
<==      Total: 2
Closing non transactional SqlSession [org.apache.ibatis.session.defaults.DefaultSqlSession@61853c7e]
2024-08-25 00:14:18.996  INFO 1623 --- [           main] com.hkust.service.UserServiceTest        : size:2
]]></system-out>
  </testcase>
</testsuite>