<?xml version="1.0" encoding="UTF-8"?>
<testsuite xmlns:xsi="http://www.w3.org/2001/XMLSchema-instance" xsi:noNamespaceSchemaLocation="https://maven.apache.org/surefire/maven-surefire-plugin/xsd/surefire-test-report-3.0.xsd" version="3.0" name="com.hkust.mapper.UserMapperTest" time="4.183" tests="1" errors="0" skipped="0" failures="0">
  <properties>
[...]
</properties>
  <testcase name="getAllUsers" classname="com.hkust.mapper.UserMapperTest" time="0.419">
    <system-out><![CDATA[00:14:14.836 [main] DEBUG org.springframework.test.context.BootstrapUtils - Instantiating CacheAwareContextLoaderDelegate from class [org.springframework.test.context.cache.DefaultCacheAwareContextLoaderDelegate]
00:14:14.844 [main] DEBUG org.springframework.test.context.BootstrapUtils - Instantiating BootstrapContext using constructor [public org.springframework.test.context.support.DefaultBootstrapContext(java.lang.Class,org.springframework.test.context.CacheAwareContextLoaderDelegate)]
00:14:14.871 [main] DEBUG org.springframework.test.context.BootstrapUtils - Instantiating TestContextBootstrapper for test class [com.hkust.mapper.UserMapperTest] from class [org.springframework.boot.test.context.SpringBootTestContextBootstrapper]
00:14:14.879 [main] INFO org.springframework.boot.test.context.SpringBootTestContextBootstrapper - Neither @ContextConfiguration nor @ContextHierarchy found for test class [com.hkust.mapper.UserMapperTest], using SpringBootContextLoader
00:14:14.881 [main] DEBUG org.springframework.test.context.support.AbstractContextLoader - Did not detect default resource location for test class [com.hkust.mapper.UserMapperTest]: class path resource [com/hkust/mapper/UserMapperTest-context.xml] does not exist
00:14:14.882 [main] DEBUG org.springframework.test.context.support.AbstractContextLoader - Did not detect default resource location for test class [com.hkust.mapper.UserMapperTest]: class path resource [com/hkust/mapper/UserMapperTestContext.groovy] does not exist
00:14:14.882 [main] INFO org.springframework.test.context.support.AbstractContextLoader - Could not detect default resource locations for test class [com.hkust.mapper.UserMapperTest]: no resource found for suffixes {-context.xml, Context.groovy}.
00:14:14.882 [main] INFO org.springframework.test.context.support.AnnotationConfigContextLoaderUtils - Could not detect default configuration classes for test class [com.hkust.mapper.UserMapperTest]: UserMapperTest does not declare any static, non-private, non-final, nested classes annotated with @Configuration.
00:14:14.907 [main] DEBUG org.springframework.test.context.support.ActiveProfilesUtils - Could not find an 'annotation declaring class' for annotation type [org.springframework.test.context.ActiveProfiles] and class [com.hkust.mapper.UserMapperTest]
00:14:14.953 [main] DEBUG org.springframework.context.annotation.ClassPathScanningCandidateComponentProvider - Identified candidate component class: file [/Users/kim/work/hkust/hkust-sc/target/classes/com/hkust/HkustScApplication.class]
00:14:14.953 [main] INFO org.springframework.boot.test.context.SpringBootTestContextBootstrapper - Found @SpringBootConfiguration com.hkust.HkustScApplication for test class com.hkust.mapper.UserMapperTest
00:14:15.011 [main] DEBUG org.springframework.boot.test.context.SpringBootTestContextBootstrapper - @TestExecutionListeners is not present for class [com.hkust.mapper.UserMapperTest]: using defaults.
00:14:15.011 [main] INFO org.springframework.boot.test.context.SpringBootTestContextBootstrapper - Loaded default TestExecutionListener class names from location [META-INF/spring.factories]: [org.springframework.boot.test.mock.mockito.MockitoTestExecutionListener, org.springframework.boot.test.mock.mockito.ResetMocksTestExecutionListener, org.springframework.boot.test.autoconfigure.restdocs.RestDocsTestExecutionListener, org.springframework.boot.test.autoconfigure.web.client.MockRestServiceServerResetTestExecutionListener, org.springframework.boot.test.autoconfigure.web.servlet.MockMvcPrintOnlyOnFailureTestExecutionListener, org.springframework.boot.test.autoconfigure.web.servlet.WebDriverTestExecutionListener, org.springframework.boot.test.autoconfigure.webservices.client.MockWebServiceServerTestExecutionListener, org.springframework.test.context.web.ServletTestExecutionListener, org.springframework.test.context.support.DirtiesContextBeforeModesTestExecutionListener, org.springframework.test.context.event.ApplicationEventsTestExecutionListener, org.springframework.test.context.support.DependencyInjectionTestExecutionListener, org.springframework.test.context.support.DirtiesContextTestExecutionListener, org.springframework.test.context.transaction.TransactionalTestExecutionListener, org.springframework.test.context.jdbc.SqlScriptsTestExecutionListener, org.springframework.test.context.event.EventPublishingTestExecutionListener]
00:14:15.021 [main] INFO org.springframework.boot.test.context.SpringBootTestContextBootstrapper - Using TestExecutionListeners: [org.springframework.test.context.web.ServletTestExecutionListener@5038d0b5, org.springframework.test.context.support.DirtiesContextBeforeModesTestExecutionListener@32115b28, org.springframework.test.context.event.ApplicationEventsTestExecutionListener@2ad48653, org.springframework.boot.test.mock.mockito.MockitoTestExecutionListener@6bb4dd34, org.springframework.boot.test.autoconfigure.SpringBootDependencyInjectionTestExecutionListener@7d9f158f, org.springframework.test.context.support.DirtiesContextTestExecutionListener@45efd90f, org.springframework.test.context.transaction.TransactionalTestExecutionListener@4b8729ff, org.springframework.test.context.jdbc.SqlScriptsTestExecutionListener@61710c6, org.springframework.test.context.event.EventPublishingTestExecutionListener@3214ee6, org.springframework.boot.test.mock.mockito.ResetMocksTestExecutionListener@383dc82c, org.springframework.boot.test.autoconfigure.restdocs.RestDocsTestExecutionListener@4a07d605, org.springframework.boot.test.autoconfigure.web.client.MockRestServiceServerResetTestExecutionListener@74287ea3, org.springframework.boot.test.autoconfigure.web.servlet.MockMvcPrintOnlyOnFailureTestExecutionListener@7d7758be, org.springframework.boot.test.autoconfigure.web.servlet.WebDriverTestExecutionListener@2bdd8394, org.springframework.boot.test.autoconfigure.webservices.client.MockWebServiceServerTestExecutionListener@5f9edf14]
00:14:15.023 [main] DEBUG org.springframework.test.context.support.AbstractDirtiesContextTestExecutionListener - Before test class: context [DefaultTestContext@5852c06f testClass = UserMapperTest, testInstance = [null], testMethod = [null], testException = [null], mergedContextConfiguration = [WebMergedContextConfiguration@4149c063 testClass = UserMapperTest, locations = '{}', classes = '{class com.hkust.HkustScApplication}', contextInitializerClasses = '[]', activeProfiles = '{}', propertySourceLocations = '{}', propertySourceProperties = '{org.springframework.boot.test.context.SpringBootTestContextBootstrapper=true}', contextCustomizers = set[org.springframework.boot.test.context.filter.ExcludeFilterContextCustomizer@4b2bac3f, org.springframework.boot.test.json.DuplicateJsonObjectContextCustomizerFactory$DuplicateJsonObjectContextCustomizer@3d285d7e, org.springframework.boot.test.mock.mockito.MockitoContextCustomizer@0, org.springframework.boot.test.web.client.TestRestTemplateContextCustomizer@4c178a76, org.springframework.boot.test.autoconfigure.actuate.metrics.MetricsExportContextCustomizerFactory$DisableMetricExportContextCustomizer@5e5d171f, org.springframework.boot.test.autoconfigure.properties.PropertyMappingContextCustomizer@0, org.springframework.boot.test.autoconfigure.web.servlet.WebDriverContextCustomizerFactory$Customizer@66d18979, org.springframework.boot.test.context.SpringBootTestArgs@1, org.springframework.boot.test.context.SpringBootTestWebEnvironment@3701eaf6], resourceBasePath = 'src/main/webapp', contextLoader = 'org.springframework.boot.test.context.SpringBootContextLoader', parent = [null]], attributes = map['org.springframework.test.context.web.ServletTestExecutionListener.activateListener' -> true]], class annotated with @DirtiesContext [false] with mode [null].

  .   ____          _            __ _ _
 /\\ / ___'_ __ _ _(_)_ __  __ _ \ \ \ \
( ( )\___ | '_ | '_| | '_ \/ _` | \ \ \ \
 \\/  ___)| |_)| | | | | || (_| |  ) ) ) )
  '  |____| .__|_| |_|_| |_\__, | / / / /
 =========|_|==============|___/=/_/_/_/
 :: Spring Boot ::                (v2.7.5)

2024-08-25 00:14:15.256  INFO 1623 --- [           main] com.hkust.mapper.UserMapperTest          : Starting UserMapperTest using Java 1.8.0_391 on 192.168.31.100 with PID 1623 (started by kim in /Users/kim/work/hkust/hkust-sc)
2024-08-25 00:14:15.257  INFO 1623 --- [           main] com.hkust.mapper.UserMapperTest          : The following 1 profile is active: "dev"
Logging initialized using 'class org.apache.ibatis.logging.stdout.StdOutImpl' adapter.
2024-08-25 00:14:16.069  INFO 1623 --- [           main] c.a.d.s.b.a.DruidDataSourceAutoConfigure : Init DruidDataSource
2024-08-25 00:14:16.214  INFO 1623 --- [           main] com.alibaba.druid.pool.DruidDataSource   : {dataSource-1} inited
Registered plugin: 'com.baomidou.mybatisplus.extension.plugins.MybatisPlusInterceptor@e84fb85'
Parsed mapper file: 'class path resource [mapper/CabinetDoorMapper.xml]'
Parsed mapper file: 'class path resource [mapper/CabinetMapper.xml]'
Parsed mapper file: 'class path resource [mapper/UserMapper.xml]'
Parsed mapper file: 'class path resource [mapper/VideoMapper.xml]'
Parsed mapper file: 'class path resource [mapper/ReagentsRecordMapper.xml]'
Parsed mapper file: 'class path resource [mapper/ReagentsMapper.xml]'
Parsed mapper file: 'class path resource [mapper/EventMapper.xml]'
Parsed mapper file: 'class path resource [mapper/RoleMapper.xml]'
 _ _   |_  _ _|_. ___ _ |    _ 
| | |\/|_)(_| | |_\  |_)||_|_\ 
     /               |         
                        3.5.1 
Can not find table primary key in Class: "com.hkust.entity.UserExts".
2024-08-25 00:14:16.635  WARN 1623 --- [           main] c.b.m.core.injector.DefaultSqlInjector   : class com.hkust.entity.UserExts ,Not found @TableId annotation, Cannot use Mybatis-Plus 'xxById' Method.
2024-08-25 00:14:16.886  INFO 1623 --- [           main] o.s.s.web.DefaultSecurityFilterChain     : Will secure any request with [org.springframework.security.web.session.DisableEncodeUrlFilter@3ff54f3d, org.springframework.security.web.context.request.async.WebAsyncManagerIntegrationFilter@14c93774, org.springframework.security.web.context.SecurityContextPersistenceFilter@7b477141, org.springframework.security.web.header.HeaderWriterFilter@2f382a5e, org.springframework.security.web.authentication.logout.LogoutFilter@b3e86d5, com.hkust.security.jwt.JwtFilter@62a68bcb, org.springframework.security.web.authentication.UsernamePasswordAuthenticationFilter@2be21396, org.springframework.security.web.savedrequest.RequestCacheAwareFilter@7316523a, org.springframework.security.web.servletapi.SecurityContextHolderAwareRequestFilter@5b5ac798, org.springframework.security.web.authentication.AnonymousAuthenticationFilter@18b74ea, org.springframework.security.web.session.SessionManagementFilter@539a138b, org.springframework.security.web.access.ExceptionTranslationFilter@6d08b4e6, org.springframework.security.web.access.intercept.FilterSecurityInterceptor@5c9934da]


,------.                           ,--.  ,--.         ,--.                         
|  .--. '  ,--,--.  ,---.   ,---.  |  '--'  |  ,---.  |  |  ,---.   ,---.  ,--.--. 
|  '--' | ' ,-.  | | .-. | | .-. : |  .--.  | | .-. : |  | | .-. | | .-. : |  .--' 
|  | --'  \ '-'  | ' '-' ' \   --. |  |  |  | \   --. |  | | '-' ' \   --. |  |    
`--'       `--`--' .`-  /   `----' `--'  `--'  `----' `--' |  |-'   `----' `--'    
                   `---'                                   `--'                        is intercepting.

2024-08-25 00:14:18.531  INFO 1623 --- [           main] com.hkust.mapper.UserMapperTest          : Started UserMapperTest in 3.486 seconds (JVM running for 4.102)
Creating a new SqlSession
SqlSession [org.apache.ibatis.session.defaults.DefaultSqlSession@9e30f9a] was not registered for synchronization because synchronization is not active
JDBC Connection [com.mysql.cj.jdbc.ConnectionImpl@e0d1dc4] will not be managed by Spring
==>  Preparing: SELECT * FROM hkust_user
==> Parameters: 
<==    Columns: user_id, student_id, user_name, real_name, password, dept, position, gender, email, address, office_location, phone, fixed_tel, stat, enabled, version, add_ch, create_time, update_time, remark
<==        Row: bf381ae585c34fbfae5187e5b8ffabb4, Ceishi610002, 张谋, 测试6100002, $2a$10$woAtMHDIgR9eOAsw9Y8gyejgAixf/p9zkMlDe2hC9Xesqww1iadzO, null, null, M, hdlg@hotmail.com, 上海市闵行区梅陇, 华东理工大学 化工楼303, 13501630535, 021-33557799, null, 1, 2, MC, 2024-07-30 11:13:46, null, null
<==        Row: 1cbed8f1624743a78b224c3392f9800a, ST001, root, 超级用户, $2a$10$18BL6Vq4WccLYe2.Z8KSXOks/uI80nT1Dj83gTdeR1EZt04hAo.SW, null, null, F, null, null, , 13522223333, null, null, 1, 15, MC, null, null, null
<==      Total: 2
Closing non transactional SqlSession [org.apache.ibatis.session.defaults.DefaultSqlSession@9e30f9a]
2024-08-25 00:14:18.960  INFO 1623 --- [           main] com.hkust.mapper.UserMapperTest          : [
    {
        "userId": "bf381ae585c34fbfae5187e5b8ffabb4",
        "studentId": "Ceishi610002",
        "username": "张谋",
        "realName": "测试6100002",
        "address": "上海市闵行区梅陇",
        "officeLocation": "华东理工大学 化工楼303",
        "phone": "13501630535",
        "fixedTel": "021-33557799",
        "password": "$2a$10$woAtMHDIgR9eOAsw9Y8gyejgAixf/p9zkMlDe2hC9Xesqww1iadzO",
        "email": "hdlg@hotmail.com",
        "gender": "M",
        "enabled": true,
        "createTime": 1722309226000
    },
    {
        "userId": "1cbed8f1624743a78b224c3392f9800a",
        "studentId": "ST001",
        "username": "root",
        "realName": "超级用户",
        "officeLocation": "",
        "phone": "13522223333",
        "password": "$2a$10$18BL6Vq4WccLYe2.Z8KSXOks/uI80nT1Dj83gTdeR1EZt04hAo.SW",
        "gender": "F",
        "enabled": true
    }
]
]]></system-out>
  </testcase>
</testsuite>